<?xml version="1.0" encoding="UTF-8"?>
<!-- Generated by org.testng.reporters.JUnitReportReporter -->
<testsuite hostname="LIN80025355" failures="0" tests="1" name="test.child1" time="0.013" errors="0" timestamp="2025-02-01T19:53:44 IST" skipped="0">
  <testcase classname="test.child1" name="testing" time="0.013"/>
</testsuite> <!-- test.child1 -->
